Environment at start of build:
ALLUSERSPROFILE = C:\ProgramData
APPDATA = C:\Users\GHOST\AppData\Roaming
CLASSPATH = .;C:\Program Files\Java\jdk1.8.0_171\lib;C:\Program Files\Java\jdk1.8.0_171\jre\lib
CommonProgramFiles = C:\Program Files (x86)\Common Files
CommonProgramFiles(x86) = C:\Program Files (x86)\Common Files
CommonProgramW6432 = C:\Program Files\Common Files
COMPUTERNAME = GHOST
ComSpec = C:\WINDOWS\system32\cmd.exe
DriverData = C:\Windows\System32\Drivers\DriverData
FPS_BROWSER_APP_PROFILE_STRING = Internet Explorer
FPS_BROWSER_USER_PROFILE_STRING = Default
HOMEDRIVE = C:
HOMEPATH = \Users\GHOST
JAVA_HOME = C:\Program Files\Java\jdk1.8.0_171
JDK_HOME = C:\Program Files\Java\jdk1.8.0_171
JRE_HOME = C:\Program Files\Java\jdk1.8.0_171\jre
LOCALAPPDATA = C:\Users\GHOST\AppData\Local
LOGONSERVER = \\GHOST
MSBuildLoadMicrosoftTargetsReadOnly = true
NUMBER_OF_PROCESSORS = 8
OneDrive = C:\Users\GHOST\OneDrive
OS = Windows_NT
Path = C:\Program Files (x86)\Python37-32\Scripts\;C:\Program Files (x86)\Python37-32\;C:\Program Files (x86)\Common Files\Oracle\Java\javapath;C:\ProgramData\Oracle\Java\javapath;C:\Program Files (x86)\Cuminas\Document Express DjVu Plug-in\;C:\Program Files (x86)\Intel\iCLS Client\;C:\Program Files\Intel\iCLS Client\;C:\Windows\system32;C:\Windows;C:\Windows\System32\Wbem;C:\Windows\System32\WindowsPowerShell\v1.0\;C:\Program Files (x86)\Intel\Intel(R) Management Engine Components\DAL;C:\Program Files\Intel\Intel(R) Management Engine Components\DAL;C:\Program Files (x86)\Intel\Intel(R) Management Engine Components\IPT;C:\Program Files\Intel\Intel(R) Management Engine Components\IPT;C:\Program Files (x86)\NVIDIA Corporation\PhysX\Common;C:\Program Files\MATLAB\R2016a\runtime\win64;C:\Program Files\MATLAB\R2016a\bin;C:\Program Files\MATLAB\R2016a\polyspace\bin;C:\Program Files\Intel\WiFi\bin\;C;;C:\WINDOWS\system32;C:\WINDOWS;C:\WINDOWS\System32\Wbem;C:\WINDOWS\System32\WindowsPowerShell\v1.0\;C:\WINDOWS\System32\OpenSSH\;C:\Program Files\Intel\WiFi\bin\;C:\Program Files\Common Files\Intel\WirelessCommon\;C:\Program Files\apache-maven-3.5.4\bin;C:\Users\GHOST\AppData\Local\Programs\MiKTeX 2.9\miktex\bin\x64\
PATHEXT = .COM;.EXE;.BAT;.CMD;.VBS;.VBE;.JS;.JSE;.WSF;.WSH;.MSC;.PY;.PYW
PkgDefApplicationConfigFile = C:\Users\GHOST\AppData\Local\Microsoft\VisualStudio\15.0_56f505e4\devenv.exe.config
PROCESSOR_ARCHITECTURE = x86
PROCESSOR_ARCHITEW6432 = AMD64
PROCESSOR_IDENTIFIER = Intel64 Family 6 Model 158 Stepping 9, GenuineIntel
PROCESSOR_LEVEL = 6
PROCESSOR_REVISION = 9e09
ProgramData = C:\ProgramData
ProgramFiles = C:\Program Files (x86)
ProgramFiles(x86) = C:\Program Files (x86)
ProgramW6432 = C:\Program Files
PSModulePath = C:\Program Files\WindowsPowerShell\Modules;C:\WINDOWS\system32\WindowsPowerShell\v1.0\Modules
PT7HOME = C:\Program Files\Cisco Packet Tracer 7.2
PUBLIC = C:\Users\Public
QT_DEVICE_PIXEL_RATIO = auto
SESSIONNAME = Console
SystemDrive = C:
SystemRoot = C:\WINDOWS
TEMP = C:\Users\GHOST\AppData\Local\Temp
TMP = C:\Users\GHOST\AppData\Local\Temp
USERDOMAIN = GHOST
USERDOMAIN_ROAMINGPROFILE = GHOST
USERNAME = GHOST
USERPROFILE = C:\Users\GHOST
VBOX_MSI_INSTALL_PATH = C:\Program Files\Oracle\VirtualBox\
VisualStudioDir = C:\Users\GHOST\Documents\Visual Studio 2017
VisualStudioEdition = Microsoft Visual Studio Community 2017
VisualStudioVersion = 15.0
VSAPPIDDIR = C:\Program Files (x86)\Microsoft Visual Studio\2017\Community\Common7\IDE\
VSAPPIDNAME = devenv.exe
VSLANG = 1033
VSSKUEDITION = Community
windir = C:\WINDOWS

  main.cpp
  backtrack_sudoku.vcxproj -> C:\Users\GHOST\source\repos\backtrack_sudoku\Debug\backtrack_sudoku.exe

Project Performance Summary:
     1160 ms  C:\Users\GHOST\source\repos\backtrack_sudoku\backtrack_sudoku\backtrack_sudoku.vcxproj   1 calls
               1160 ms  Build                                      1 calls

Target Performance Summary:
        0 ms  _ResourceCompile                           1 calls
        0 ms  AfterLink                                  1 calls
        0 ms  ComputeLinkSwitches                        1 calls
        0 ms  PreLinkEvent                               1 calls
        0 ms  MakeDirsForLink                            1 calls
        0 ms  PrepareResourceNames                       1 calls
        0 ms  CreateCustomManifestResourceNames          1 calls
        0 ms  AssignTargetPaths                          1 calls
        0 ms  ComputeManifestInputsTargets               1 calls
        0 ms  ComputeCLGeneratedLinkInputs               1 calls
        0 ms  _Link                                      1 calls
        0 ms  ComputeCLOutputs                           1 calls
        0 ms  ComputeManifestGeneratedLinkerInputs       1 calls
        0 ms  ComputeRCGeneratedLinkInputs               1 calls
        0 ms  ComputeRCOutputs                           1 calls
        0 ms  BeforeLink                                 1 calls
        0 ms  BuildLinkTraverse                          1 calls
        0 ms  BuildCompile                               1 calls
        0 ms  _BuildCompileAction                        1 calls
        0 ms  AfterBuildCompileEvent                     1 calls
        0 ms  AfterResourceCompile                       1 calls
        0 ms  ComputeCustomBuildOutput                   1 calls
        0 ms  MakeDirsForResourceCompile                 1 calls
        0 ms  _ALink                                     1 calls
        0 ms  RegisterOutput                             1 calls
        0 ms  AfterBuild                                 1 calls
        0 ms  BuildLink                                  1 calls
        0 ms  _BuildLinkAction                           1 calls
        0 ms  PostBuildEvent                             1 calls
        0 ms  PrepareForRun                              1 calls
        0 ms  CopyFilesToOutputDirectory                 1 calls
        0 ms  _CheckForCompileOutputs                    1 calls
        0 ms  _CopySourceItemsToOutputDirectory          1 calls
        0 ms  GetCopyToOutputDirectoryItems              1 calls
        0 ms  _Manifest                                  1 calls
        0 ms  GetCopyToOutputDirectoryXamlAppDefs        1 calls
        0 ms  _Appverifier                               1 calls
        0 ms  CreateSatelliteAssemblies                  1 calls
        0 ms  _GenerateSatelliteAssemblyInputs           1 calls
        0 ms  _BscMake                                   1 calls
        0 ms  ComputeCLCompileGeneratedSbrFiles          1 calls
        0 ms  _XdcMake                                   1 calls
        0 ms  MakeDirsForXdcMake                         1 calls
        0 ms  ComputeCLCompileGeneratedXDCFiles          1 calls
        0 ms  ResolvedXDCMake                            1 calls
        0 ms  _Deploy                                    1 calls
        0 ms  BeforeResourceCompile                      1 calls
        0 ms  Build                                      1 calls
        0 ms  AfterClCompile                             1 calls
        0 ms  ResolveAssemblyReferences                  1 calls
        0 ms  BuildGenerateSourcesTraverse               1 calls
        0 ms  BeforeBuildGenerateSources                 1 calls
        0 ms  PreBuildEvent                              1 calls
        0 ms  _ClCompile                                 1 calls
        0 ms  ExpandSDKReferences                        1 calls
        0 ms  _Xsd                                       1 calls
        0 ms  MakeDirsForMidl                            1 calls
        0 ms  PlatformPrepareForBuild                    1 calls
        0 ms  ComputeMIDLGeneratedCompileInputs          1 calls
        0 ms  AfterMidl                                  1 calls
        0 ms  _Midl                                      1 calls
        0 ms  GetResolvedWinMD                           1 calls
        0 ms  AfterBuildGenerateSources                  1 calls
        0 ms  AfterBuildGenerateSourcesEvent             1 calls
        0 ms  GetReferenceAssemblyPaths                  1 calls
        0 ms  _BuildGenerateSourcesAction                1 calls
        0 ms  _PrepareForBuild                           1 calls
        0 ms  SelectClCompile                            1 calls
        0 ms  BeforeResolveReferences                    1 calls
        0 ms  SelectCustomBuild                          1 calls
        0 ms  _SelectedFiles                             1 calls
        0 ms  AssignProjectConfiguration                 1 calls
        0 ms  ResolveReferences                          1 calls
        0 ms  FixupCLCompileOptions                      1 calls
        0 ms  PrepareProjectReferences                   1 calls
        0 ms  ComputeReferenceCLInput                    1 calls
        0 ms  ComputeCLInputPDBName                      1 calls
        0 ms  BeforeClCompile                            1 calls
        0 ms  GetFrameworkPaths                          1 calls
        0 ms  BuildGenerateSources                       1 calls
        0 ms  _SplitProjectReferencesByFileExistence     1 calls
        0 ms  AfterResolveReferences                     1 calls
        1 ms  ComputeLinkImportLibraryOutputsForClean    1 calls
        1 ms  MakeDirsForCl                              1 calls
        1 ms  _PrepareForReferenceResolution             1 calls
        1 ms  Desktop_PlatformPrepareForBuild            1 calls
        1 ms  ComputeLegacyManifestEmbedding             1 calls
        1 ms  MakeDirsForBscMake                         1 calls
        1 ms  DoLinkOutputFilesMatch                     1 calls
        1 ms  ComputeLinkInputsFromProject               1 calls
        1 ms  ResolveProjectReferences                   1 calls
        1 ms  SplitResourcesByCulture                    1 calls
        1 ms  WarnCompileDuplicatedFilename              1 calls
        1 ms  _GetProjectReferenceTargetFrameworkProperties   1 calls
        1 ms  BuildCompileTraverse                       1 calls
        1 ms  ResolveSDKReferences                       1 calls
        1 ms  SetBuildDefaultEnvironmentVariables        1 calls
        2 ms  FinalizeBuildStatus                        1 calls
        2 ms  _CheckForInvalidConfigurationAndPlatform   1 calls
        3 ms  InitializeBuildStatus                      1 calls
        4 ms  PrepareForBuild                            1 calls
        6 ms  SetCABuildNativeEnvironmentVariables       1 calls
      413 ms  Link                                       1 calls
      710 ms  ClCompile                                  1 calls
